#
# A fatal error has been detected by the Java Runtime Environment:
#
#  SIGSEGV (0xb) at pc=0x00000001071375a0, pid=22849, tid=19203
#
# JRE version: Java(TM) SE Runtime Environment (7.0_67-b01) (build 1.7.0_67-b01)
# Java VM: Java HotSpot(TM) 64-Bit Server VM (24.65-b04 mixed mode bsd-amd64 compressed oops)
# Problematic frame:
# V  [libjvm.dylib+0x3375a0]
#
# Failed to write core dump. Core dumps have been disabled. To enable core dumping, try "ulimit -c unlimited" before starting Java again
#
# If you would like to submit a bug report, please visit:
#   http://bugreport.sun.com/bugreport/crash.jsp
#

---------------  T H R E A D  ---------------

Current thread (0x00007fc76280c000):  JavaThread "JDWP Transport Listener: dt_socket" daemon [_thread_in_vm, id=19203, stack(0x0000700000f47000,0x0000700001047000)]

siginfo:si_signo=SIGSEGV: si_errno=0, si_code=1 (SEGV_MAPERR), si_addr=0x0000000010000000

Registers:
RAX=0x0000000000000001, RBX=0x0000700001046a8b, RCX=0x00000000000fc080, RDX=0x0000700001046a8b
RSP=0x00007000010469f0, RBP=0x0000700001046a40, RSI=0x00007fc76280c000, RDI=0x00007fc762701f10
R8 =0x0000000000000004, R9 =0x0000000000000000, R10=0x0000000000000005, R11=0x00007fc762400000
R12=0x00007fc76280c000, R13=0x0000000010000000, R14=0x0000000010000000, R15=0x00007fc762701f10
RIP=0x00000001071375a0, EFLAGS=0x0000000000010206, ERR=0x0000000000000004
  TRAPNO=0x000000000000000e

Top of Stack: (sp=0x00007000010469f0)
0x00007000010469f0:   00007fc76280c000 0000000000000000
0x0000700001046a00:   0000000000000000 0000000000000000
0x0000700001046a10:   00007fc76280c000 00007fc76280c000
0x0000700001046a20:   0000700001046a8b 0000700001046a90
0x0000700001046a30:   0000000010000000 000000000000000c
0x0000700001046a40:   0000700001046a60 0000000105dd71a8
0x0000700001046a50:   0000000000000001 0000700001046b08
0x0000700001046a60:   0000700001046ad0 0000000105dbbfbb
0x0000700001046a70:   0000700001046aa0 00007fc7624b4c40
0x0000700001046a80:   0000000d00000032 0000000900046b08
0x0000700001046a90:   0000000000000000 0000000000000000
0x0000700001046aa0:   0000000000000000 0000700001046c90
0x0000700001046ab0:   0000000105ddedc2 00007fc7627ec480
0x0000700001046ac0:   0000700001046b08 0000000105dea588
0x0000700001046ad0:   0000700001046ae0 0000000105dbc0b4
0x0000700001046ae0:   0000700001046d00 0000000105dc5642
0x0000700001046af0:   0000415400000013 00000000000f0200
0x0000700001046b00:   00007fc7627ec2c0 00007fc7624b4e90
0x0000700001046b10:   00007fc700000108 00007fc7624b4fa0
0x0000700001046b20:   000000000000012c 0000700001046b58
0x0000700001046b30:   00007fc7624b4fa0 0000000000000000
0x0000700001046b40:   0000415400000a3e 00007fff00002c80
0x0000700001046b50:   0000000000000000 c77f00000d000000
0x0000700001046b60:   080000006040a064 3e74696e696c633c
0x0000700001046b70:   0056292803000000 0008000000000000
0x0000700001046b80:   004040a064c77f00 6544746567100000
0x0000700001046b90:   7274537470797263 2826000000676e69
0x0000700001046ba0:   616c2f6176616a4c 6e697274532f676e
0x0000700001046bb0:   6176616a4c293b67 74532f676e616c2f
0x0000700001046bc0:   0000003b676e6972 7f00000900000000
0x0000700001046bd0:   0000009840a064c7 727241657479620e
0x0000700001046be0:   0072745378654832 4c29425b28160000 

Instructions: (pc=0x00000001071375a0)
0x0000000107137580:   00 00 00 41 f6 87 68 01 00 00 10 75 07 b8 63 00
0x0000000107137590:   00 00 eb 7a 4d 85 f6 75 07 b8 17 00 00 00 eb 6e
0x00000001071375a0:   4d 8b 36 48 b8 fe fe fe fe fe fe fe fe 49 39 c6
0x00000001071375b0:   74 e7 4d 85 f6 74 e2 48 8d 05 62 4c 4d 00 80 38 

Register to memory mapping:

RAX=0x0000000000000001 is an unknown value
RBX=0x0000700001046a8b is pointing into the stack for thread: 0x00007fc76280c000
RCX=0x00000000000fc080 is an unknown value
RDX=0x0000700001046a8b is pointing into the stack for thread: 0x00007fc76280c000
RSP=0x00007000010469f0 is pointing into the stack for thread: 0x00007fc76280c000
RBP=0x0000700001046a40 is pointing into the stack for thread: 0x00007fc76280c000
RSI=0x00007fc76280c000 is a thread
RDI=0x00007fc762701f10 is an unknown value
R8 =0x0000000000000004 is an unknown value
R9 =0x0000000000000000 is an unknown value
R10=0x0000000000000005 is an unknown value
R11=0x00007fc762400000 is an unknown value
R12=0x00007fc76280c000 is a thread
R13=0x0000000010000000 is an unknown value
R14=0x0000000010000000 is an unknown value
R15=0x00007fc762701f10 is an unknown value


Stack: [0x0000700000f47000,0x0000700001047000],  sp=0x00007000010469f0,  free space=1022k
Native frames: (J=compiled Java code, j=interpreted, Vv=VM code, C=native code)
V  [libjvm.dylib+0x3375a0]
C  [libjdwp.dylib+0x201a8]  isMethodSynthetic+0x63
C  [libjdwp.dylib+0x4fbb]  methods1+0x10b
C  [libjdwp.dylib+0x50b4]  methodsWithGeneric+0xe
C  [libjdwp.dylib+0xe642]  debugLoop_run+0x1ce
C  [libjdwp.dylib+0x1f0e2]  attachThread+0x4d
V  [libjvm.dylib+0x3781c2]
V  [libjvm.dylib+0x4f5855]
V  [libjvm.dylib+0x4f6f5d]
V  [libjvm.dylib+0x420772]
C  [libsystem_pthread.dylib+0x39b1]  _pthread_body+0x83
C  [libsystem_pthread.dylib+0x392e]  _pthread_body+0x0
C  [libsystem_pthread.dylib+0x1385]  thread_start+0xd


---------------  P R O C E S S  ---------------

Java Threads: ( => current thread )
  0x00007fc762cc8000 JavaThread "Timer-0" daemon [_thread_blocked, id=25347, stack(0x0000700001b6b000,0x0000700001c6b000)]
  0x00007fc76785f800 JavaThread "Abandoned connection cleanup thread" daemon [_thread_blocked, id=24835, stack(0x0000700001a68000,0x0000700001b68000)]
  0x00007fc7641b7000 JavaThread "Thread-4@/config/database.properties" daemon [_thread_blocked, id=23815, stack(0x0000700001862000,0x0000700001962000)]
  0x00007fc76365b800 JavaThread "commons-pool-EvictionTimer" daemon [_thread_blocked, id=24323, stack(0x0000700001965000,0x0000700001a65000)]
  0x00007fc763cf1000 JavaThread "MaintThread" daemon [_thread_blocked, id=23299, stack(0x000070000175f000,0x000070000185f000)]
  0x00007fc76406f000 JavaThread "ReaderThread" [_thread_in_native, id=22787, stack(0x000070000165c000,0x000070000175c000)]
  0x00007fc764039000 JavaThread "Service Thread" daemon [_thread_blocked, id=21763, stack(0x0000700001456000,0x0000700001556000)]
  0x00007fc762816800 JavaThread "C2 CompilerThread1" daemon [_thread_blocked, id=21251, stack(0x0000700001353000,0x0000700001453000)]
  0x00007fc76403a000 JavaThread "C2 CompilerThread0" daemon [_thread_blocked, id=20739, stack(0x0000700001250000,0x0000700001350000)]
  0x00007fc764029000 JavaThread "JDWP Command Reader" daemon [_thread_in_native, id=20227, stack(0x000070000114d000,0x000070000124d000)]
  0x00007fc762815000 JavaThread "JDWP Event Helper Thread" daemon [_thread_blocked, id=19715, stack(0x000070000104a000,0x000070000114a000)]
=>0x00007fc76280c000 JavaThread "JDWP Transport Listener: dt_socket" daemon [_thread_in_vm, id=19203, stack(0x0000700000f47000,0x0000700001047000)]
  0x00007fc763053000 JavaThread "Signal Dispatcher" daemon [_thread_blocked, id=14863, stack(0x0000700000e44000,0x0000700000f44000)]
  0x00007fc762804000 JavaThread "Finalizer" daemon [_thread_blocked, id=14339, stack(0x0000700000c3b000,0x0000700000d3b000)]
  0x00007fc764020800 JavaThread "Reference Handler" daemon [_thread_blocked, id=13827, stack(0x0000700000b38000,0x0000700000c38000)]
  0x00007fc764001000 JavaThread "main" [_thread_blocked, id=5891, stack(0x000070000011a000,0x000070000021a000)]

Other Threads:
  0x00007fc76401e000 VMThread [stack: 0x0000700000a35000,0x0000700000b35000] [id=13315]
  0x00007fc76403a800 WatcherThread [stack: 0x0000700001559000,0x0000700001659000] [id=22275]

VM state:not at safepoint (normal execution)

VM Mutex/Monitor currently owned by a thread: None

Heap
 PSYoungGen      total 38912K, used 35487K [0x00000007d5500000, 0x00000007da200000, 0x0000000800000000)
  eden space 33280K, 89% used [0x00000007d5500000,0x00000007d722bc60,0x00000007d7580000)
  from space 5632K, 99% used [0x00000007d9c80000,0x00000007da1fc140,0x00000007da200000)
  to   space 8192K, 0% used [0x00000007d9200000,0x00000007d9200000,0x00000007d9a00000)
 ParOldGen       total 87040K, used 3149K [0x0000000780000000, 0x0000000785500000, 0x00000007d5500000)
  object space 87040K, 3% used [0x0000000780000000,0x0000000780313538,0x0000000785500000)
 PSPermGen       total 22528K, used 22272K [0x000000077ae00000, 0x000000077c400000, 0x0000000780000000)
  object space 22528K, 98% used [0x000000077ae00000,0x000000077c3c0388,0x000000077c400000)

Card table byte_map: [0x000000010a930000,0x000000010ad5a000] byte_map_base: 0x0000000106d59000

Polling page: 0x0000000105db6000

Code Cache  [0x0000000107870000, 0x0000000107ae0000, 0x000000010a870000)
 total_blobs=737 nmethods=358 adapters=341 free_code_cache=47532Kb largest_free_block=48600000

Compilation events (10 events):
Event: 8.284 Thread 0x00007fc76403a000  371             com.sun.org.apache.xerces.internal.dom.NodeImpl::getNamespaceURI (2 bytes)
Event: 8.285 Thread 0x00007fc76403a000 nmethod 371 0x0000000107959790 code [0x00000001079598c0, 0x0000000107959918]
Event: 8.285 Thread 0x00007fc762816800  372             com.sun.org.apache.xml.internal.utils.SuballocatedIntVector::size (5 bytes)
Event: 8.285 Thread 0x00007fc762816800 nmethod 372 0x0000000107977d90 code [0x0000000107977ec0, 0x0000000107977f18]
Event: 8.291 Thread 0x00007fc76403a000  373             org.apache.commons.collections.map.AbstractHashedMap::ensureCapacity (161 bytes)
Event: 8.295 Thread 0x00007fc76403a000 nmethod 373 0x00000001079ffcd0 code [0x00000001079ffe40, 0x0000000107a00278]
Event: 8.296 Thread 0x00007fc762816800  374             org.apache.commons.collections.map.AbstractHashedMap::convertKey (12 bytes)
Event: 8.296 Thread 0x00007fc76403a000  375             org.apache.commons.collections.map.AbstractHashedMap::hash (36 bytes)
Event: 8.296 Thread 0x00007fc762816800 nmethod 374 0x0000000107977b50 code [0x0000000107977c80, 0x0000000107977cf8]
Event: 8.296 Thread 0x00007fc76403a000 nmethod 375 0x00000001079ff950 code [0x00000001079ffaa0, 0x00000001079ffbd8]

GC Heap History (10 events):
Event: 1.097 GC heap before
{Heap before GC invocations=2 (full 0):
 PSYoungGen      total 38912K, used 36655K [0x00000007d5500000, 0x00000007d8000000, 0x0000000800000000)
  eden space 33792K, 100% used [0x00000007d5500000,0x00000007d7600000,0x00000007d7600000)
  from space 5120K, 55% used [0x00000007d7600000,0x00000007d78cbee0,0x00000007d7b00000)
  to   space 5120K, 0% used [0x00000007d7b00000,0x00000007d7b00000,0x00000007d8000000)
 ParOldGen       total 87040K, used 8K [0x0000000780000000, 0x0000000785500000, 0x00000007d5500000)
  object space 87040K, 0% used [0x0000000780000000,0x0000000780002000,0x0000000785500000)
 PSPermGen       total 21504K, used 10150K [0x000000077ae00000, 0x000000077c300000, 0x0000000780000000)
  object space 21504K, 47% used [0x000000077ae00000,0x000000077b7e9a70,0x000000077c300000)
Event: 1.103 GC heap after
Heap after GC invocations=2 (full 0):
 PSYoungGen      total 38912K, used 4543K [0x00000007d5500000, 0x00000007d8000000, 0x0000000800000000)
  eden space 33792K, 0% used [0x00000007d5500000,0x00000007d5500000,0x00000007d7600000)
  from space 5120K, 88% used [0x00000007d7b00000,0x00000007d7f6fef8,0x00000007d8000000)
  to   space 5120K, 0% used [0x00000007d7600000,0x00000007d7600000,0x00000007d7b00000)
 ParOldGen       total 87040K, used 80K [0x0000000780000000, 0x0000000785500000, 0x00000007d5500000)
  object space 87040K, 0% used [0x0000000780000000,0x0000000780014010,0x0000000785500000)
 PSPermGen       total 21504K, used 10150K [0x000000077ae00000, 0x000000077c300000, 0x0000000780000000)
  object space 21504K, 47% used [0x000000077ae00000,0x000000077b7e9a70,0x000000077c300000)
}
Event: 1.489 GC heap before
{Heap before GC invocations=3 (full 0):
 PSYoungGen      total 38912K, used 38335K [0x00000007d5500000, 0x00000007d8000000, 0x0000000800000000)
  eden space 33792K, 100% used [0x00000007d5500000,0x00000007d7600000,0x00000007d7600000)
  from space 5120K, 88% used [0x00000007d7b00000,0x00000007d7f6fef8,0x00000007d8000000)
  to   space 5120K, 0% used [0x00000007d7600000,0x00000007d7600000,0x00000007d7b00000)
 ParOldGen       total 87040K, used 80K [0x0000000780000000, 0x0000000785500000, 0x00000007d5500000)
  object space 87040K, 0% used [0x0000000780000000,0x0000000780014010,0x0000000785500000)
 PSPermGen       total 21504K, used 12302K [0x000000077ae00000, 0x000000077c300000, 0x0000000780000000)
  object space 21504K, 57% used [0x000000077ae00000,0x000000077ba03a50,0x000000077c300000)
Event: 1.494 GC heap after
Heap after GC invocations=3 (full 0):
 PSYoungGen      total 38912K, used 3764K [0x00000007d5500000, 0x00000007d8000000, 0x0000000800000000)
  eden space 33792K, 0% used [0x00000007d5500000,0x00000007d5500000,0x00000007d7600000)
  from space 5120K, 73% used [0x00000007d7600000,0x00000007d79ad2f8,0x00000007d7b00000)
  to   space 5120K, 0% used [0x00000007d7b00000,0x00000007d7b00000,0x00000007d8000000)
 ParOldGen       total 87040K, used 88K [0x0000000780000000, 0x0000000785500000, 0x00000007d5500000)
  object space 87040K, 0% used [0x0000000780000000,0x0000000780016010,0x0000000785500000)
 PSPermGen       total 21504K, used 12302K [0x000000077ae00000, 0x000000077c300000, 0x0000000780000000)
  object space 21504K, 57% used [0x000000077ae00000,0x000000077ba03a50,0x000000077c300000)
}
Event: 1.800 GC heap before
{Heap before GC invocations=4 (full 0):
 PSYoungGen      total 38912K, used 37556K [0x00000007d5500000, 0x00000007d8000000, 0x0000000800000000)
  eden space 33792K, 100% used [0x00000007d5500000,0x00000007d7600000,0x00000007d7600000)
  from space 5120K, 73% used [0x00000007d7600000,0x00000007d79ad2f8,0x00000007d7b00000)
  to   space 5120K, 0% used [0x00000007d7b00000,0x00000007d7b00000,0x00000007d8000000)
 ParOldGen       total 87040K, used 88K [0x0000000780000000, 0x0000000785500000, 0x00000007d5500000)
  object space 87040K, 0% used [0x0000000780000000,0x0000000780016010,0x0000000785500000)
 PSPermGen       total 21504K, used 15392K [0x000000077ae00000, 0x000000077c300000, 0x0000000780000000)
  object space 21504K, 71% used [0x000000077ae00000,0x000000077bd08090,0x000000077c300000)
Event: 1.806 GC heap after
Heap after GC invocations=4 (full 0):
 PSYoungGen      total 38912K, used 4721K [0x00000007d5500000, 0x00000007da100000, 0x0000000800000000)
  eden space 33792K, 0% used [0x00000007d5500000,0x00000007d5500000,0x00000007d7600000)
  from space 5120K, 92% used [0x00000007d7b00000,0x00000007d7f9c570,0x00000007d8000000)
  to   space 5120K, 0% used [0x00000007d7600000,0x00000007d7600000,0x00000007d7b00000)
 ParOldGen       total 87040K, used 96K [0x0000000780000000, 0x0000000785500000, 0x00000007d5500000)
  object space 87040K, 0% used [0x0000000780000000,0x0000000780018010,0x0000000785500000)
 PSPermGen       total 21504K, used 15392K [0x000000077ae00000, 0x000000077c300000, 0x0000000780000000)
  object space 21504K, 71% used [0x000000077ae00000,0x000000077bd08090,0x000000077c300000)
}
Event: 2.257 GC heap before
{Heap before GC invocations=5 (full 0):
 PSYoungGen      total 38912K, used 38513K [0x00000007d5500000, 0x00000007da100000, 0x0000000800000000)
  eden space 33792K, 100% used [0x00000007d5500000,0x00000007d7600000,0x00000007d7600000)
  from space 5120K, 92% used [0x00000007d7b00000,0x00000007d7f9c570,0x00000007d8000000)
  to   space 5120K, 0% used [0x00000007d7600000,0x00000007d7600000,0x00000007d7b00000)
 ParOldGen       total 87040K, used 96K [0x0000000780000000, 0x0000000785500000, 0x00000007d5500000)
  object space 87040K, 0% used [0x0000000780000000,0x0000000780018010,0x0000000785500000)
 PSPermGen       total 21504K, used 17787K [0x000000077ae00000, 0x000000077c300000, 0x0000000780000000)
  object space 21504K, 82% used [0x000000077ae00000,0x000000077bf5ec50,0x000000077c300000)
Event: 2.263 GC heap after
Heap after GC invocations=5 (full 0):
 PSYoungGen      total 38912K, used 4952K [0x00000007d5500000, 0x00000007da200000, 0x0000000800000000)
  eden space 33792K, 0% used [0x00000007d5500000,0x00000007d5500000,0x00000007d7600000)
  from space 5120K, 96% used [0x00000007d7600000,0x00000007d7ad6090,0x00000007d7b00000)
  to   space 5632K, 0% used [0x00000007d9c80000,0x00000007d9c80000,0x00000007da200000)
 ParOldGen       total 87040K, used 104K [0x0000000780000000, 0x0000000785500000, 0x00000007d5500000)
  object space 87040K, 0% used [0x0000000780000000,0x000000078001a010,0x0000000785500000)
 PSPermGen       total 21504K, used 17787K [0x000000077ae00000, 0x000000077c300000, 0x0000000780000000)
  object space 21504K, 82% used [0x000000077ae00000,0x000000077bf5ec50,0x000000077c300000)
}
Event: 8.158 GC heap before
{Heap before GC invocations=6 (full 0):
 PSYoungGen      total 38912K, used 38744K [0x00000007d5500000, 0x00000007da200000, 0x0000000800000000)
  eden space 33792K, 100% used [0x00000007d5500000,0x00000007d7600000,0x00000007d7600000)
  from space 5120K, 96% used [0x00000007d7600000,0x00000007d7ad6090,0x00000007d7b00000)
  to   space 5632K, 0% used [0x00000007d9c80000,0x00000007d9c80000,0x00000007da200000)
 ParOldGen       total 87040K, used 104K [0x0000000780000000, 0x0000000785500000, 0x00000007d5500000)
  object space 87040K, 0% used [0x0000000780000000,0x000000078001a010,0x0000000785500000)
 PSPermGen       total 22528K, used 22149K [0x000000077ae00000, 0x000000077c400000, 0x0000000780000000)
  object space 22528K, 98% used [0x000000077ae00000,0x000000077c3a15f8,0x000000077c400000)
Event: 8.167 GC heap after
Heap after GC invocations=6 (full 0):
 PSYoungGen      total 38912K, used 5616K [0x00000007d5500000, 0x00000007da200000, 0x0000000800000000)
  eden space 33280K, 0% used [0x00000007d5500000,0x00000007d5500000,0x00000007d7580000)
  from space 5632K, 99% used [0x00000007d9c80000,0x00000007da1fc140,0x00000007da200000)
  to   space 8192K, 0% used [0x00000007d9200000,0x00000007d9200000,0x00000007d9a00000)
 ParOldGen       total 87040K, used 3149K [0x0000000780000000, 0x0000000785500000, 0x00000007d5500000)
  object space 87040K, 3% used [0x0000000780000000,0x0000000780313538,0x0000000785500000)
 PSPermGen       total 22528K, used 22149K [0x000000077ae00000, 0x000000077c400000, 0x0000000780000000)
  object space 22528K, 98% used [0x000000077ae00000,0x000000077c3a15f8,0x000000077c400000)
}

Deoptimization events (10 events):
Event: 7.873 Thread 0x00007fc764001000 Uncommon trap: reason=range_check action=none pc=0x00000001079206ec method=sun.reflect.generics.parser.SignatureParser.current()C @ 34
Event: 7.874 Thread 0x00007fc764001000 Uncommon trap: reason=range_check action=none pc=0x00000001079206ec method=sun.reflect.generics.parser.SignatureParser.current()C @ 34
Event: 7.874 Thread 0x00007fc764001000 Uncommon trap: reason=range_check action=none pc=0x00000001079206ec method=sun.reflect.generics.parser.SignatureParser.current()C @ 34
Event: 7.875 Thread 0x00007fc764001000 Uncommon trap: reason=range_check action=none pc=0x00000001079206ec method=sun.reflect.generics.parser.SignatureParser.current()C @ 34
Event: 7.875 Thread 0x00007fc764001000 Uncommon trap: reason=range_check action=none pc=0x00000001079206ec method=sun.reflect.generics.parser.SignatureParser.current()C @ 34
Event: 7.876 Thread 0x00007fc764001000 Uncommon trap: reason=range_check action=none pc=0x00000001079206ec method=sun.reflect.generics.parser.SignatureParser.current()C @ 34
Event: 7.876 Thread 0x00007fc764001000 Uncommon trap: reason=range_check action=none pc=0x00000001079206ec method=sun.reflect.generics.parser.SignatureParser.current()C @ 34
Event: 8.093 Thread 0x00007fc764001000 Uncommon trap: reason=class_check action=maybe_recompile pc=0x000000010794fa64 method=com.sun.org.apache.xerces.internal.impl.XMLDocumentFragmentScannerImpl.scanDocument(Z)Z @ 9
Event: 8.102 Thread 0x00007fc762cc8000 Uncommon trap: reason=null_check action=make_not_entrant pc=0x00000001078fab9c method=java.lang.StringCoding.deref(Ljava/lang/ThreadLocal;)Ljava/lang/Object; @ 4
Event: 8.138 Thread 0x00007fc764001000 Uncommon trap: reason=unreached action=reinterpret pc=0x00000001078f7124 method=java.util.HashMap.get(Ljava/lang/Object;)Ljava/lang/Object; @ 1

Internal exceptions (10 events):
Event: 8.183 Thread 0x00007fc764001000 Threw 0x00000007d576ee78 at /HUDSON/workspace/7u-2-build-macosx-x86_64/jdk7u67/1368/hotspot/src/share/vm/prims/jvm.cpp:1244
Event: 8.183 Thread 0x00007fc764001000 Threw 0x00000007d577c518 at /HUDSON/workspace/7u-2-build-macosx-x86_64/jdk7u67/1368/hotspot/src/share/vm/prims/jvm.cpp:1244
Event: 8.191 Thread 0x00007fc764001000 Threw 0x00000007d5996088 at /HUDSON/workspace/7u-2-build-macosx-x86_64/jdk7u67/1368/hotspot/src/share/vm/prims/jvm.cpp:1244
Event: 8.196 Thread 0x00007fc764001000 Threw 0x00000007d5aafe60 at /HUDSON/workspace/7u-2-build-macosx-x86_64/jdk7u67/1368/hotspot/src/share/vm/prims/jvm.cpp:1244
Event: 8.196 Thread 0x00007fc764001000 Threw 0x00000007d5ab9940 at /HUDSON/workspace/7u-2-build-macosx-x86_64/jdk7u67/1368/hotspot/src/share/vm/prims/jvm.cpp:1244
Event: 8.196 Thread 0x00007fc764001000 Threw 0x00000007d5ac3c00 at /HUDSON/workspace/7u-2-build-macosx-x86_64/jdk7u67/1368/hotspot/src/share/vm/prims/jvm.cpp:1244
Event: 8.197 Thread 0x00007fc764001000 Threw 0x00000007d5ac9b98 at /HUDSON/workspace/7u-2-build-macosx-x86_64/jdk7u67/1368/hotspot/src/share/vm/prims/jvm.cpp:1244
Event: 8.197 Thread 0x00007fc764001000 Threw 0x00000007d5ad2ce8 at /HUDSON/workspace/7u-2-build-macosx-x86_64/jdk7u67/1368/hotspot/src/share/vm/prims/jvm.cpp:1244
Event: 8.197 Thread 0x00007fc764001000 Threw 0x00000007d5adbac8 at /HUDSON/workspace/7u-2-build-macosx-x86_64/jdk7u67/1368/hotspot/src/share/vm/prims/jvm.cpp:1244
Event: 23.952 Thread 0x00007fc764001000 Threw 0x00000007d70e3e90 at /HUDSON/workspace/7u-2-build-macosx-x86_64/jdk7u67/1368/hotspot/src/share/vm/prims/jvm.cpp:1244

Events (10 events):
Event: 281.945 Executing VM operation: GetOrSetLocal
Event: 281.945 Executing VM operation: GetOrSetLocal done
Event: 281.946 Executing VM operation: GetOrSetLocal
Event: 281.946 Executing VM operation: GetOrSetLocal done
Event: 281.946 Executing VM operation: GetOrSetLocal
Event: 281.946 Executing VM operation: GetOrSetLocal done
Event: 281.946 Executing VM operation: GetOrSetLocal
Event: 281.946 Executing VM operation: GetOrSetLocal done
Event: 358.079 Executing VM operation: RedefineClasses
Event: 358.081 Executing VM operation: RedefineClasses done


Dynamic libraries:
0x000000000034b000 	/System/Library/Frameworks/Cocoa.framework/Versions/A/Cocoa
0x000000000034b000 	/System/Library/Frameworks/Security.framework/Versions/A/Security
0x000000000034b000 	/System/Library/Frameworks/ApplicationServices.framework/Versions/A/ApplicationServices
0x000000000034b000 	/usr/lib/libz.1.dylib
0x000000000034b000 	/usr/lib/libSystem.B.dylib
0x000000000034b000 	/usr/lib/libobjc.A.dylib
0x000000000034b000 	/System/Library/Frameworks/CoreFoundation.framework/Versions/A/CoreFoundation
0x000000000034b000 	/System/Library/Frameworks/Foundation.framework/Versions/C/Foundation
0x000000000034b000 	/System/Library/Frameworks/AppKit.framework/Versions/C/AppKit
0x000000000034b000 	/System/Library/Frameworks/CoreData.framework/Versions/A/CoreData
0x000000000034b000 	/System/Library/PrivateFrameworks/RemoteViewServices.framework/Versions/A/RemoteViewServices
0x000000000034b000 	/System/Library/PrivateFrameworks/UIFoundation.framework/Versions/A/UIFoundation
0x000000000034b000 	/usr/lib/libScreenReader.dylib
0x000000000034b000 	/System/Library/Frameworks/Accelerate.framework/Versions/A/Accelerate
0x000000000034b000 	/System/Library/Frameworks/IOSurface.framework/Versions/A/IOSurface
0x000000000034b000 	/System/Library/Frameworks/AudioToolbox.framework/Versions/A/AudioToolbox
0x000000000034b000 	/System/Library/Frameworks/AudioUnit.framework/Versions/A/AudioUnit
0x000000000034b000 	/System/Library/PrivateFrameworks/DataDetectorsCore.framework/Versions/A/DataDetectorsCore
0x000000000034b000 	/System/Library/PrivateFrameworks/DesktopServicesPriv.framework/Versions/A/DesktopServicesPriv
0x000000000034b000 	/System/Library/Frameworks/Carbon.framework/Versions/A/Frameworks/HIToolbox.framework/Versions/A/HIToolbox
0x000000000034b000 	/System/Library/Frameworks/QuartzCore.framework/Versions/A/QuartzCore
0x000000000034b000 	/System/Library/Frameworks/Carbon.framework/Versions/A/Frameworks/SpeechRecognition.framework/Versions/A/SpeechRecognition
0x000000000034b000 	/usr/lib/libauto.dylib
0x000000000034b000 	/usr/lib/libicucore.A.dylib
0x000000000034b000 	/usr/lib/libxml2.2.dylib
0x000000000034b000 	/System/Library/PrivateFrameworks/CoreUI.framework/Versions/A/CoreUI
0x000000000034b000 	/System/Library/Frameworks/CoreAudio.framework/Versions/A/CoreAudio
0x000000000034b000 	/System/Library/Frameworks/DiskArbitration.framework/Versions/A/DiskArbitration
0x000000000034b000 	/usr/lib/liblangid.dylib
0x000000000034b000 	/System/Library/PrivateFrameworks/MultitouchSupport.framework/Versions/A/MultitouchSupport
0x000000000034b000 	/System/Library/Frameworks/IOKit.framework/Versions/A/IOKit
0x000000000034b000 	/usr/lib/libDiagnosticMessagesClient.dylib
0x000000000034b000 	/System/Library/Frameworks/CoreServices.framework/Versions/A/CoreServices
0x000000000034b000 	/System/Library/PrivateFrameworks/PerformanceAnalysis.framework/Versions/A/PerformanceAnalysis
0x000000000034b000 	/System/Library/PrivateFrameworks/GenerationalStorage.framework/Versions/A/GenerationalStorage
0x000000000034b000 	/System/Library/Frameworks/OpenGL.framework/Versions/A/OpenGL
0x000000000034b000 	/System/Library/PrivateFrameworks/Sharing.framework/Versions/A/Sharing
0x000000000034b000 	/System/Library/Frameworks/CoreGraphics.framework/Versions/A/CoreGraphics
0x000000000034b000 	/System/Library/Frameworks/CoreImage.framework/Versions/A/CoreImage
0x000000000034b000 	/System/Library/Frameworks/CoreText.framework/Versions/A/CoreText
0x000000000034b000 	/System/Library/Frameworks/ImageIO.framework/Versions/A/ImageIO
0x000000000034b000 	/System/Library/PrivateFrameworks/Backup.framework/Versions/A/Backup
0x000000000034b000 	/usr/lib/libextension.dylib
0x000000000034b000 	/usr/lib/libarchive.2.dylib
0x000000000034b000 	/System/Library/Frameworks/CFNetwork.framework/Versions/A/CFNetwork
0x000000000034b000 	/System/Library/Frameworks/SystemConfiguration.framework/Versions/A/SystemConfiguration
0x000000000034b000 	/usr/lib/libCRFSuite.dylib
0x000000000034b000 	/usr/lib/libc++.1.dylib
0x000000000034b000 	/usr/lib/libc++abi.dylib
0x000000000034b000 	/usr/lib/system/libcache.dylib
0x000000000034b000 	/usr/lib/system/libcommonCrypto.dylib
0x000000000034b000 	/usr/lib/system/libcompiler_rt.dylib
0x000000000034b000 	/usr/lib/system/libcopyfile.dylib
0x000000000034b000 	/usr/lib/system/libcorecrypto.dylib
0x000000000034b000 	/usr/lib/system/libdispatch.dylib
0x000000000034b000 	/usr/lib/system/libdyld.dylib
0x000000000034b000 	/usr/lib/system/libkeymgr.dylib
0x000000000034b000 	/usr/lib/system/liblaunch.dylib
0x000000000034b000 	/usr/lib/system/libmacho.dylib
0x000000000034b000 	/usr/lib/system/libquarantine.dylib
0x000000000034b000 	/usr/lib/system/libremovefile.dylib
0x000000000034b000 	/usr/lib/system/libsystem_asl.dylib
0x000000000034b000 	/usr/lib/system/libsystem_blocks.dylib
0x000000000034b000 	/usr/lib/system/libsystem_c.dylib
0x000000000034b000 	/usr/lib/system/libsystem_configuration.dylib
0x000000000034b000 	/usr/lib/system/libsystem_coreservices.dylib
0x000000000034b000 	/usr/lib/system/libsystem_coretls.dylib
0x000000000034b000 	/usr/lib/system/libsystem_dnssd.dylib
0x000000000034b000 	/usr/lib/system/libsystem_info.dylib
0x000000000034b000 	/usr/lib/system/libsystem_kernel.dylib
0x000000000034b000 	/usr/lib/system/libsystem_m.dylib
0x000000000034b000 	/usr/lib/system/libsystem_malloc.dylib
0x000000000034b000 	/usr/lib/system/libsystem_network.dylib
0x000000000034b000 	/usr/lib/system/libsystem_networkextension.dylib
0x000000000034b000 	/usr/lib/system/libsystem_notify.dylib
0x000000000034b000 	/usr/lib/system/libsystem_platform.dylib
0x000000000034b000 	/usr/lib/system/libsystem_pthread.dylib
0x000000000034b000 	/usr/lib/system/libsystem_sandbox.dylib
0x000000000034b000 	/usr/lib/system/libsystem_secinit.dylib
0x000000000034b000 	/usr/lib/system/libsystem_trace.dylib
0x000000000034b000 	/usr/lib/system/libunc.dylib
0x000000000034b000 	/usr/lib/system/libunwind.dylib
0x000000000034b000 	/usr/lib/system/libxpc.dylib
0x000000000034b000 	/usr/lib/libenergytrace.dylib
0x000000000034b000 	/usr/lib/libbsm.0.dylib
0x000000000034b000 	/usr/lib/system/libkxld.dylib
0x000000000034b000 	/usr/lib/libxar.1.dylib
0x000000000034b000 	/usr/lib/libsqlite3.dylib
0x000000000034b000 	/usr/lib/libpam.2.dylib
0x000000000034b000 	/usr/lib/libOpenScriptingUtil.dylib
0x000000000034b000 	/usr/lib/libbz2.1.0.dylib
0x000000000034b000 	/usr/lib/liblzma.5.dylib
0x000000000034b000 	/System/Library/Frameworks/CoreServices.framework/Versions/A/Frameworks/FSEvents.framework/Versions/A/FSEvents
0x000000000034b000 	/System/Library/Frameworks/CoreServices.framework/Versions/A/Frameworks/CarbonCore.framework/Versions/A/CarbonCore
0x000000000034b000 	/System/Library/Frameworks/CoreServices.framework/Versions/A/Frameworks/Metadata.framework/Versions/A/Metadata
0x000000000034b000 	/System/Library/Frameworks/CoreServices.framework/Versions/A/Frameworks/OSServices.framework/Versions/A/OSServices
0x000000000034b000 	/System/Library/Frameworks/CoreServices.framework/Versions/A/Frameworks/SearchKit.framework/Versions/A/SearchKit
0x000000000034b000 	/System/Library/Frameworks/CoreServices.framework/Versions/A/Frameworks/AE.framework/Versions/A/AE
0x000000000034b000 	/System/Library/Frameworks/CoreServices.framework/Versions/A/Frameworks/LaunchServices.framework/Versions/A/LaunchServices
0x000000000034b000 	/System/Library/Frameworks/CoreServices.framework/Versions/A/Frameworks/DictionaryServices.framework/Versions/A/DictionaryServices
0x000000000034b000 	/System/Library/Frameworks/CoreServices.framework/Versions/A/Frameworks/SharedFileList.framework/Versions/A/SharedFileList
0x000000000034b000 	/System/Library/Frameworks/NetFS.framework/Versions/A/NetFS
0x000000000034b000 	/System/Library/PrivateFrameworks/NetAuth.framework/Versions/A/NetAuth
0x000000000034b000 	/System/Library/PrivateFrameworks/login.framework/Versions/A/Frameworks/loginsupport.framework/Versions/A/loginsupport
0x000000000034b000 	/System/Library/PrivateFrameworks/TCC.framework/Versions/A/TCC
0x000000000034b000 	/usr/lib/libmecabra.dylib
0x000000000034b000 	/System/Library/Frameworks/ApplicationServices.framework/Versions/A/Frameworks/ATS.framework/Versions/A/ATS
0x000000000034b000 	/System/Library/Frameworks/ApplicationServices.framework/Versions/A/Frameworks/ColorSync.framework/Versions/A/ColorSync
0x000000000034b000 	/System/Library/Frameworks/ApplicationServices.framework/Versions/A/Frameworks/HIServices.framework/Versions/A/HIServices
0x000000000034b000 	/System/Library/Frameworks/ApplicationServices.framework/Versions/A/Frameworks/LangAnalysis.framework/Versions/A/LangAnalysis
0x000000000034b000 	/System/Library/Frameworks/ApplicationServices.framework/Versions/A/Frameworks/PrintCore.framework/Versions/A/PrintCore
0x000000000034b000 	/System/Library/Frameworks/ApplicationServices.framework/Versions/A/Frameworks/QD.framework/Versions/A/QD
0x000000000034b000 	/System/Library/Frameworks/ApplicationServices.framework/Versions/A/Frameworks/SpeechSynthesis.framework/Versions/A/SpeechSynthesis
0x000000000034b000 	/System/Library/Frameworks/Metal.framework/Versions/A/Metal
0x000000000034b000 	/System/Library/Frameworks/Accelerate.framework/Versions/A/Frameworks/vImage.framework/Versions/A/vImage
0x000000000034b000 	/System/Library/Frameworks/Accelerate.framework/Versions/A/Frameworks/vecLib.framework/Versions/A/vecLib
0x000000000034b000 	/System/Library/Frameworks/Accelerate.framework/Versions/A/Frameworks/vecLib.framework/Versions/A/libvDSP.dylib
0x000000000034b000 	/System/Library/Frameworks/Accelerate.framework/Versions/A/Frameworks/vecLib.framework/Versions/A/libvMisc.dylib
0x000000000034b000 	/System/Library/Frameworks/Accelerate.framework/Versions/A/Frameworks/vecLib.framework/Versions/A/libLAPACK.dylib
0x000000000034b000 	/System/Library/Frameworks/Accelerate.framework/Versions/A/Frameworks/vecLib.framework/Versions/A/libBLAS.dylib
0x000000000034b000 	/System/Library/Frameworks/Accelerate.framework/Versions/A/Frameworks/vecLib.framework/Versions/A/libLinearAlgebra.dylib
0x000000000034b000 	/System/Library/Frameworks/Accelerate.framework/Versions/A/Frameworks/vecLib.framework/Versions/A/libSparseBLAS.dylib
0x000000000034b000 	/System/Library/PrivateFrameworks/GPUCompiler.framework/libmetal_timestamp.dylib
0x000000000034b000 	/System/Library/Frameworks/OpenGL.framework/Versions/A/Libraries/libCoreFSCache.dylib
0x000000000034b000 	/System/Library/PrivateFrameworks/IOAccelerator.framework/Versions/A/IOAccelerator
0x000000000034b000 	/System/Library/Frameworks/ApplicationServices.framework/Versions/A/Frameworks/ATS.framework/Versions/A/Resources/libFontParser.dylib
0x000000000034b000 	/System/Library/Frameworks/ApplicationServices.framework/Versions/A/Frameworks/ATS.framework/Versions/A/Resources/libFontRegistry.dylib
0x000000000034b000 	/System/Library/PrivateFrameworks/AppleVPA.framework/Versions/A/AppleVPA
0x000000000034b000 	/System/Library/PrivateFrameworks/AppleJPEG.framework/Versions/A/AppleJPEG
0x000000000034b000 	/System/Library/Frameworks/ImageIO.framework/Versions/A/Resources/libJPEG.dylib
0x000000000034b000 	/System/Library/Frameworks/ImageIO.framework/Versions/A/Resources/libTIFF.dylib
0x000000000034b000 	/System/Library/Frameworks/ImageIO.framework/Versions/A/Resources/libPng.dylib
0x000000000034b000 	/System/Library/Frameworks/ImageIO.framework/Versions/A/Resources/libGIF.dylib
0x000000000034b000 	/System/Library/Frameworks/ImageIO.framework/Versions/A/Resources/libJP2.dylib
0x000000000034b000 	/System/Library/Frameworks/ImageIO.framework/Versions/A/Resources/libRadiance.dylib
0x000000000034b000 	/System/Library/Frameworks/CoreVideo.framework/Versions/A/CoreVideo
0x000000000034b000 	/System/Library/Frameworks/OpenGL.framework/Versions/A/Libraries/libGLU.dylib
0x000000000034b000 	/System/Library/Frameworks/OpenGL.framework/Versions/A/Libraries/libGFXShared.dylib
0x000000000034b000 	/System/Library/Frameworks/OpenGL.framework/Versions/A/Libraries/libGL.dylib
0x000000000034b000 	/System/Library/Frameworks/OpenGL.framework/Versions/A/Libraries/libGLImage.dylib
0x000000000034b000 	/System/Library/Frameworks/OpenGL.framework/Versions/A/Libraries/libCVMSPluginSupport.dylib
0x000000000034b000 	/System/Library/Frameworks/OpenGL.framework/Versions/A/Libraries/libCoreVMClient.dylib
0x000000000034b000 	/usr/lib/libcups.2.dylib
0x000000000034b000 	/System/Library/Frameworks/Kerberos.framework/Versions/A/Kerberos
0x000000000034b000 	/System/Library/Frameworks/GSS.framework/Versions/A/GSS
0x000000000034b000 	/usr/lib/libresolv.9.dylib
0x000000000034b000 	/usr/lib/libiconv.2.dylib
0x000000000034b000 	/System/Library/PrivateFrameworks/Heimdal.framework/Versions/A/Heimdal
0x000000000034b000 	/usr/lib/libheimdal-asn1.dylib
0x000000000034b000 	/System/Library/Frameworks/OpenDirectory.framework/Versions/A/OpenDirectory
0x000000000034b000 	/System/Library/PrivateFrameworks/CommonAuth.framework/Versions/A/CommonAuth
0x000000000034b000 	/System/Library/Frameworks/OpenDirectory.framework/Versions/A/Frameworks/CFOpenDirectory.framework/Versions/A/CFOpenDirectory
0x000000000034b000 	/System/Library/Frameworks/SecurityFoundation.framework/Versions/A/SecurityFoundation
0x000000000034b000 	/System/Library/PrivateFrameworks/LanguageModeling.framework/Versions/A/LanguageModeling
0x000000000034b000 	/usr/lib/libmarisa.dylib
0x000000000034b000 	/usr/lib/libChineseTokenizer.dylib
0x000000000034b000 	/usr/lib/libcmph.dylib
0x000000000034b000 	/usr/lib/libcompression.dylib
0x000000000034b000 	/System/Library/Frameworks/ServiceManagement.framework/Versions/A/ServiceManagement
0x000000000034b000 	/usr/lib/libxslt.1.dylib
0x000000000034b000 	/System/Library/Frameworks/Carbon.framework/Versions/A/Frameworks/Ink.framework/Versions/A/Ink
0x000000000034b000 	/usr/lib/libFosl_dynamic.dylib
0x000000000034b000 	/System/Library/PrivateFrameworks/FaceCore.framework/Versions/A/FaceCore
0x000000000034b000 	/System/Library/Frameworks/OpenCL.framework/Versions/A/OpenCL
0x000000000034b000 	/System/Library/PrivateFrameworks/CrashReporterSupport.framework/Versions/A/CrashReporterSupport
0x000000000034b000 	/System/Library/PrivateFrameworks/IconServices.framework/Versions/A/IconServices
0x000000000034b000 	/System/Library/PrivateFrameworks/Apple80211.framework/Versions/A/Apple80211
0x000000000034b000 	/System/Library/Frameworks/CoreWLAN.framework/Versions/A/CoreWLAN
0x000000000034b000 	/System/Library/Frameworks/IOBluetooth.framework/Versions/A/IOBluetooth
0x000000000034b000 	/System/Library/PrivateFrameworks/CoreWiFi.framework/Versions/A/CoreWiFi
0x000000000034b000 	/System/Library/Frameworks/CoreBluetooth.framework/Versions/A/CoreBluetooth
0x000000000034b000 	/System/Library/PrivateFrameworks/ChunkingLibrary.framework/Versions/A/ChunkingLibrary
0x000000000034b000 	/System/Library/PrivateFrameworks/DebugSymbols.framework/Versions/A/DebugSymbols
0x000000000034b000 	/System/Library/PrivateFrameworks/CoreSymbolication.framework/Versions/A/CoreSymbolication
0x000000000034b000 	/System/Library/PrivateFrameworks/Symbolication.framework/Versions/A/Symbolication
0x000000000034b000 	/System/Library/PrivateFrameworks/SpeechRecognitionCore.framework/Versions/A/SpeechRecognitionCore
0x0000000105d31000 	/System/Library/CoreServices/Encodings/libSimplifiedChineseConverter.dylib
0x0000000106e00000 	/Library/Java/JavaVirtualMachines/jdk1.7.0_67.jdk/Contents/Home/jre/lib/server/libjvm.dylib
0x000000000034b000 	/usr/lib/libstdc++.6.dylib
0x0000000105d79000 	/Library/Java/JavaVirtualMachines/jdk1.7.0_67.jdk/Contents/Home/jre/lib/libverify.dylib
0x0000000105d86000 	/Library/Java/JavaVirtualMachines/jdk1.7.0_67.jdk/Contents/Home/jre/lib/libjava.dylib
0x0000000105db7000 	/Library/Java/JavaVirtualMachines/jdk1.7.0_67.jdk/Contents/Home/jre/lib/libjdwp.dylib
0x0000000105df4000 	/Library/Java/JavaVirtualMachines/jdk1.7.0_67.jdk/Contents/Home/jre/lib/libnpt.dylib
0x0000000107867000 	/Library/Java/JavaVirtualMachines/jdk1.7.0_67.jdk/Contents/Home/jre/lib/libzip.dylib
0x0000000111648000 	/System/Library/Frameworks/JavaVM.framework/Frameworks/JavaRuntimeSupport.framework/JavaRuntimeSupport
0x0000000111663000 	/System/Library/Frameworks/JavaVM.framework/Versions/A/Frameworks/JavaNativeFoundation.framework/Versions/A/JavaNativeFoundation
0x0000000111678000 	/System/Library/Frameworks/JavaVM.framework/Versions/A/JavaVM
0x000000000034b000 	/System/Library/Frameworks/Carbon.framework/Versions/A/Carbon
0x0000000111685000 	/System/Library/PrivateFrameworks/JavaLaunching.framework/Versions/A/JavaLaunching
0x000000000034b000 	/System/Library/Frameworks/Carbon.framework/Versions/A/Frameworks/CommonPanels.framework/Versions/A/CommonPanels
0x000000000034b000 	/System/Library/Frameworks/Carbon.framework/Versions/A/Frameworks/Help.framework/Versions/A/Help
0x000000000034b000 	/System/Library/Frameworks/Carbon.framework/Versions/A/Frameworks/ImageCapture.framework/Versions/A/ImageCapture
0x000000000034b000 	/System/Library/Frameworks/Carbon.framework/Versions/A/Frameworks/OpenScripting.framework/Versions/A/OpenScripting
0x000000000034b000 	/System/Library/Frameworks/Carbon.framework/Versions/A/Frameworks/Print.framework/Versions/A/Print
0x000000000034b000 	/System/Library/Frameworks/Carbon.framework/Versions/A/Frameworks/SecurityHI.framework/Versions/A/SecurityHI
0x0000000112fa2000 	/Library/Java/JavaVirtualMachines/jdk1.7.0_67.jdk/Contents/Home/jre/lib/libdt_socket.dylib
0x0000000113616000 	/Library/Java/JavaVirtualMachines/jdk1.7.0_67.jdk/Contents/Home/jre/lib/libnet.dylib
0x00000001134f7000 	/Library/Java/JavaVirtualMachines/jdk1.7.0_67.jdk/Contents/Home/jre/lib/libnio.dylib
0x0000000113538000 	/Library/Java/JavaVirtualMachines/jdk1.7.0_67.jdk/Contents/Home/jre/lib/libmanagement.dylib

VM Arguments:
jvm_args: -agentlib:jdwp=transport=dt_socket,suspend=y,address=localhost:49231 -Dfile.encoding=UTF-8 
java_command: org.eclipse.jdt.internal.junit.runner.RemoteTestRunner -version 3 -port 49230 -testLoaderClass org.eclipse.jdt.internal.junit4.runner.JUnit4TestLoader -loaderpluginname org.eclipse.jdt.junit4.runtime -test com.oimboi.service.s2s.HelloImplTest:sayHello
Launcher Type: SUN_STANDARD

Environment Variables:
PATH=/usr/bin:/bin:/usr/sbin:/sbin
SHELL=/bin/bash

Signal Handlers:
SIGSEGV: [libjvm.dylib+0x52b6c9], sa_mask[0]=0xfffefeff, sa_flags=0x00000043
SIGBUS: [libjvm.dylib+0x52b6c9], sa_mask[0]=0xfffefeff, sa_flags=0x00000042
SIGFPE: [libjvm.dylib+0x41deaa], sa_mask[0]=0xfffefeff, sa_flags=0x00000042
SIGPIPE: [libjvm.dylib+0x41deaa], sa_mask[0]=0xfffefeff, sa_flags=0x00000042
SIGXFSZ: [libjvm.dylib+0x41deaa], sa_mask[0]=0xfffefeff, sa_flags=0x00000042
SIGILL: [libjvm.dylib+0x41deaa], sa_mask[0]=0xfffefeff, sa_flags=0x00000042
SIGUSR1: SIG_DFL, sa_mask[0]=0x00000000, sa_flags=0x00000000
SIGUSR2: [libjvm.dylib+0x41d99c], sa_mask[0]=0x00000004, sa_flags=0x00000042
SIGHUP: [libjvm.dylib+0x41bc2d], sa_mask[0]=0xfffefeff, sa_flags=0x00000042
SIGINT: [libjvm.dylib+0x41bc2d], sa_mask[0]=0xfffefeff, sa_flags=0x00000042
SIGTERM: [libjvm.dylib+0x41bc2d], sa_mask[0]=0xfffefeff, sa_flags=0x00000042
SIGQUIT: [libjvm.dylib+0x41bc2d], sa_mask[0]=0xfffefeff, sa_flags=0x00000042


---------------  S Y S T E M  ---------------

OS:Bsduname:Darwin 15.0.0 Darwin Kernel Version 15.0.0: Sat Sep 19 15:53:46 PDT 2015; root:xnu-3247.10.11~1/RELEASE_X86_64 x86_64
rlimit: STACK 8192k, CORE 0k, NPROC 709, NOFILE 10240, AS infinity
load average:2.19 1.99 1.92

CPU:total 8 (4 cores per cpu, 2 threads per core) family 6 model 58 stepping 9, cmov, cx8, fxsr, mmx, sse, sse2, sse3, ssse3, sse4.1, sse4.2, popcnt, avx, aes, erms, ht, tsc, tscinvbit, tscinv

Memory: 4k page, physical 8388608k(2097152k free)

/proc/meminfo:


vm_info: Java HotSpot(TM) 64-Bit Server VM (24.65-b04) for bsd-amd64 JRE (1.7.0_67-b01), built on Jul 25 2014 08:51:51 by "java_re" with gcc 4.2.1 (Based on Apple Inc. build 5658) (LLVM build 2336.11.00)

time: Mon Nov 23 14:05:47 2015
elapsed time: 358 seconds

